
Analysis 
Login FXCM.. at UTC 06.06. 11:50
Loading USD/CAD prices.. 8880 min

Trade: Analysis USD/CAD 06.06.2016
Lookback period (80 bars)
[60: Wed 01.06.16 01:00]  1.30764
[61: Wed 01.06.16 02:00]  1.30774
[62: Wed 01.06.16 03:00]  1.30648
[63: Wed 01.06.16 04:00]  1.30601
[64: Wed 01.06.16 05:00]  1.30675
[65: Wed 01.06.16 06:00]  1.30624
[66: Wed 01.06.16 07:00]  1.30643
[67: Wed 01.06.16 08:00]  1.30849
[68: Wed 01.06.16 09:00]  1.30789
[69: Wed 01.06.16 10:00]  1.30899
[70: Wed 01.06.16 11:00]  1.30850
[71: Wed 01.06.16 12:00]  1.30780
[72: Wed 01.06.16 13:00]  1.30561
[73: Wed 01.06.16 14:00]  1.30729
[74: Wed 01.06.16 15:00]  1.31082
[75: Wed 01.06.16 16:00]  1.30919
[76: Wed 01.06.16 17:00]  1.30940
[77: Wed 01.06.16 18:00]  1.30983
[78: Wed 01.06.16 19:00]  1.30822
[79: Wed 01.06.16 20:00]  1.30746
[80: Wed 01.06.16 21:00]  1.30638
[81: Wed 01.06.16 22:00]  1.30800
[82: Wed 01.06.16 23:00]  1.30800
[83: Thu 02.06.16 00:00]  1.30777
[84: Thu 02.06.16 01:00]  1.30767
[85: Thu 02.06.16 02:00]  1.30727
[86: Thu 02.06.16 03:00]  1.30742
[87: Thu 02.06.16 04:00]  1.30745
[88: Thu 02.06.16 05:00]  1.30742
[89: Thu 02.06.16 06:00]  1.30694
[90: Thu 02.06.16 07:00]  1.30750
[91: Thu 02.06.16 08:00]  1.30858
[92: Thu 02.06.16 09:00]  1.30709
[93: Thu 02.06.16 10:00]  1.30811
[94: Thu 02.06.16 11:00]  1.30969
[95: Thu 02.06.16 12:00]  1.31017
[96: Thu 02.06.16 13:00]  1.30998
[97: Thu 02.06.16 14:00]  1.31217
[98: Thu 02.06.16 15:00]  1.31091
[99: Thu 02.06.16 16:00]  1.31145.
[100: Thu 02.06.16 17:00]  1.30810
[101: Thu 02.06.16 18:00]  1.30824
[102: Thu 02.06.16 19:00]  1.30980
[103: Thu 02.06.16 20:00]  1.31142
[104: Thu 02.06.16 21:00]  1.31050
[105: Thu 02.06.16 22:00]  1.30968
[106: Thu 02.06.16 23:00]  1.31006
[107: Fri 03.06.16 00:00]  1.31036
[108: Fri 03.06.16 01:00]  1.30967
[109: Fri 03.06.16 02:00]  1.31044
[110: Fri 03.06.16 03:00]  1.30900
[111: Fri 03.06.16 04:00]  1.30929
[112: Fri 03.06.16 05:00]  1.30932
[113: Fri 03.06.16 06:00]  1.30952
[114: Fri 03.06.16 07:00]  1.30919
[115: Fri 03.06.16 08:00]  1.30959
[116: Fri 03.06.16 09:00]  1.30845
[117: Fri 03.06.16 10:00]  1.30892
[118: Fri 03.06.16 11:00]  1.30958
[119: Fri 03.06.16 12:00]  1.30958
[120: Fri 03.06.16 13:00]  1.30930
[121: Fri 03.06.16 14:00]  1.29656
[122: Fri 03.06.16 15:00]  1.29380
[123: Fri 03.06.16 16:00]  1.29596
[124: Fri 03.06.16 17:00]  1.29494
[125: Fri 03.06.16 18:00]  1.29557
[126: Fri 03.06.16 19:00]  1.29409
[127: Sun 05.06.16 23:00]  1.29220
[128: Mon 06.06.16 00:00]  1.29453
[129: Mon 06.06.16 01:00]  1.29586
[130: Mon 06.06.16 02:00]  1.29654
[131: Mon 06.06.16 03:00]  1.29675
[132: Mon 06.06.16 04:00]  1.29716
[133: Mon 06.06.16 05:00]  1.29694
[134: Mon 06.06.16 06:00]  1.29703
[135: Mon 06.06.16 07:00]  1.29735
[136: Mon 06.06.16 08:00]  1.29743
[137: Mon 06.06.16 09:00]  1.29486
[138: Mon 06.06.16 10:00]  1.29529
[139: Mon 06.06.16 11:00]  1.29511

Logout.. ok