
Grid 
Login FXCM.. at UTC 07.06. 18:59
Loading USD/CAD prices.. 3533 h

Trade: Grid USD/CAD 07.06.2016
Lookback period (80 bars)
[66: Wed 17.02.16 00:00]  1.37857
[67: Thu 18.02.16 00:00]  1.38725
[68: Fri 19.02.16 00:00]  1.36725
[69: Mon 22.02.16 00:00]  1.37660
[70: Tue 23.02.16 00:00]  1.37809
[71: Wed 24.02.16 00:00]  1.37112
[72: Thu 25.02.16 00:00]  1.37950
[73: Fri 26.02.16 00:00]  1.37125
[74: Mon 29.02.16 00:00]  1.35404
[75: Tue 01.03.16 00:00]  1.35484
[76: Wed 02.03.16 00:00]  1.35382
[77: Thu 03.03.16 00:00]  1.34278
[78: Fri 04.03.16 00:00]  1.34314
[79: Mon 07.03.16 00:00]  1.34176
[80: Tue 08.03.16 00:00]  1.33339
[81: Wed 09.03.16 00:00]  1.32996
[82: Thu 10.03.16 00:00]  1.34249
[83: Fri 11.03.16 00:00]  1.32676
[84: Mon 14.03.16 00:00]  1.33278
[85: Tue 15.03.16 00:00]  1.32216
[86: Wed 16.03.16 00:00]  1.32882
[87: Thu 17.03.16 00:00]  1.33555
[88: Fri 18.03.16 00:00]  1.30962
[89: Mon 21.03.16 00:00]  1.29944
[90: Tue 22.03.16 00:00]  1.30565
[91: Wed 23.03.16 00:00]  1.30804
[92: Thu 24.03.16 00:00]  1.30408
[93: Fri 25.03.16 00:00]  1.32309
[94: Mon 28.03.16 00:00]  1.32517
[95: Tue 29.03.16 00:00]  1.32711
[96: Wed 30.03.16 00:00]  1.31901
[97: Thu 31.03.16 00:00]  1.30659
[98: Fri 01.04.16 00:00]  1.29812
[99: Mon 04.04.16 00:00]  1.29712.
[100: Tue 05.04.16 00:00]  1.30293
[101: Wed 06.04.16 00:00]  1.30914
[102: Thu 07.04.16 00:00]  1.31367
[103: Fri 08.04.16 00:00]  1.30761
[104: Mon 11.04.16 00:00]  1.31331
[105: Tue 12.04.16 00:00]  1.30025
[106: Wed 13.04.16 00:00]  1.29116
[107: Thu 14.04.16 00:00]  1.27738
[108: Fri 15.04.16 00:00]  1.28440
[109: Mon 18.04.16 00:00]  1.28296
[110: Tue 19.04.16 00:00]  1.29697
[111: Wed 20.04.16 00:00]  1.27740
[112: Thu 21.04.16 00:00]  1.26989
[113: Fri 22.04.16 00:00]  1.26609
[114: Mon 25.04.16 00:00]  1.27056
[115: Tue 26.04.16 00:00]  1.26876
[116: Wed 27.04.16 00:00]  1.26778
[117: Thu 28.04.16 00:00]  1.26098
[118: Fri 29.04.16 00:00]  1.25928
[119: Mon 02.05.16 00:00]  1.25413
[120: Tue 03.05.16 00:00]  1.25373
[121: Wed 04.05.16 00:00]  1.25188
[122: Thu 05.05.16 00:00]  1.27038
[123: Fri 06.05.16 00:00]  1.28653
[124: Mon 09.05.16 00:00]  1.28737
[125: Tue 10.05.16 00:00]  1.29407
[126: Wed 11.05.16 00:00]  1.29763
[127: Thu 12.05.16 00:00]  1.29159
[128: Fri 13.05.16 00:00]  1.28533
[129: Mon 16.05.16 00:00]  1.28483
[130: Tue 17.05.16 00:00]  1.29589
[131: Wed 18.05.16 00:00]  1.29079
[132: Thu 19.05.16 00:00]  1.29237
[133: Fri 20.05.16 00:00]  1.30390
[134: Mon 23.05.16 00:00]  1.30816
[135: Tue 24.05.16 00:00]  1.31090
[136: Wed 25.05.16 00:00]  1.31427
[137: Thu 26.05.16 00:00]  1.31191
[138: Fri 27.05.16 00:00]  1.30252
[139: Mon 30.05.16 00:00]  1.29722
[140: Tue 31.05.16 00:00]  1.30747
[141: Wed 01.06.16 00:00]  1.30472
[142: Thu 02.06.16 00:00]  1.30774
[143: Fri 03.06.16 00:00]  1.30727
[144: Mon 06.06.16 00:00]  1.31044
[145: Tue 07.06.16 00:00]  1.29654

Logout.. ok