
Spectrum 
Login FXCM.. at UTC 08.06. 02:57
!Subscribing USD/JPY
Loading USD/JPY prices.. 53295 min

Trade: Spectrum USD/JPY 08.06.2016
Lookback period (800 bars)
[63: Wed 20.04.16 22:00]  109.8690
[64: Wed 20.04.16 23:00]  109.7520
[65: Thu 21.04.16 00:00]  109.7710
[66: Thu 21.04.16 01:00]  109.8730
[67: Thu 21.04.16 02:00]  109.7670
[68: Thu 21.04.16 03:00]  109.7760
[69: Thu 21.04.16 04:00]  109.7050
[70: Thu 21.04.16 05:00]  109.8150
[71: Thu 21.04.16 06:00]  109.7180
[72: Thu 21.04.16 07:00]  109.6730
[73: Thu 21.04.16 08:00]  109.6560
[74: Thu 21.04.16 09:00]  109.6720
[75: Thu 21.04.16 10:00]  109.7880
[76: Thu 21.04.16 11:00]  109.7670
[77: Thu 21.04.16 12:00]  109.7600
[78: Thu 21.04.16 13:00]  109.7160
[79: Thu 21.04.16 14:00]  109.6510
[80: Thu 21.04.16 15:00]  109.4490
[81: Thu 21.04.16 16:00]  109.4770
[82: Thu 21.04.16 17:00]  109.4300
[83: Thu 21.04.16 18:00]  109.5150
[84: Thu 21.04.16 19:00]  109.5090
[85: Thu 21.04.16 20:00]  109.5320
[86: Thu 21.04.16 21:00]  109.4680
[87: Thu 21.04.16 22:00]  109.4770
[88: Thu 21.04.16 23:00]  109.4410
[89: Fri 22.04.16 00:00]  109.4350
[90: Fri 22.04.16 01:00]  109.4720
[91: Fri 22.04.16 02:00]  109.3660
[92: Fri 22.04.16 03:00]  109.3990
[93: Fri 22.04.16 04:00]  109.4740
[94: Fri 22.04.16 05:00]  109.3790
[95: Fri 22.04.16 06:00]  110.0450
[96: Fri 22.04.16 07:00]  110.3400
[97: Fri 22.04.16 08:00]  110.5250
[98: Fri 22.04.16 09:00]  110.5920
[99: Fri 22.04.16 10:00]  110.3460.
[100: Fri 22.04.16 11:00]  110.5300
[101: Fri 22.04.16 12:00]  110.6440
[102: Fri 22.04.16 13:00]  110.7840
[103: Fri 22.04.16 14:00]  111.1930
[104: Fri 22.04.16 15:00]  111.3180
[105: Fri 22.04.16 16:00]  111.4880
[106: Fri 22.04.16 17:00]  111.5060
[107: Fri 22.04.16 18:00]  111.6510
[108: Fri 22.04.16 19:00]  111.7880
[109: Sun 24.04.16 23:00]  111.7030
[110: Mon 25.04.16 00:00]  111.5840
[111: Mon 25.04.16 01:00]  111.4620
[112: Mon 25.04.16 02:00]  111.2870
[113: Mon 25.04.16 03:00]  111.1570
[114: Mon 25.04.16 04:00]  111.1430
[115: Mon 25.04.16 05:00]  111.3060
[116: Mon 25.04.16 06:00]  111.1050
[117: Mon 25.04.16 07:00]  111.1590
[118: Mon 25.04.16 08:00]  111.3010
[119: Mon 25.04.16 09:00]  111.2250
[120: Mon 25.04.16 10:00]  111.1760
[121: Mon 25.04.16 11:00]  111.2790
[122: Mon 25.04.16 12:00]  111.0900
[123: Mon 25.04.16 13:00]  111.1000
[124: Mon 25.04.16 14:00]  111.1340
[125: Mon 25.04.16 15:00]  111.1340
[126: Mon 25.04.16 16:00]  110.9450
[127: Mon 25.04.16 17:00]  111.0870
[128: Mon 25.04.16 18:00]  111.2370
[129: Mon 25.04.16 19:00]  111.1940
[130: Mon 25.04.16 20:00]  111.3150
[131: Mon 25.04.16 21:00]  111.1950
[132: Mon 25.04.16 22:00]  111.2300
[133: Mon 25.04.16 23:00]  111.2380
[134: Tue 26.04.16 00:00]  111.2010
[135: Tue 26.04.16 01:00]  111.1350
[136: Tue 26.04.16 02:00]  111.1310
[137: Tue 26.04.16 03:00]  111.1500
[138: Tue 26.04.16 04:00]  110.9490
[139: Tue 26.04.16 05:00]  110.9330
[140: Tue 26.04.16 06:00]  111.0400
[141: Tue 26.04.16 07:00]  110.8980
[142: Tue 26.04.16 08:00]  110.7650
[143: Tue 26.04.16 09:00]  110.8550
[144: Tue 26.04.16 10:00]  110.8520
[145: Tue 26.04.16 11:00]  110.8670
[146: Tue 26.04.16 12:00]  110.9000
[147: Tue 26.04.16 13:00]  111.0780
[148: Tue 26.04.16 14:00]  111.0390
[149: Tue 26.04.16 15:00]  110.9690
[150: Tue 26.04.16 16:00]  111.1640
[151: Tue 26.04.16 17:00]  111.2370
[152: Tue 26.04.16 18:00]  111.3980
[153: Tue 26.04.16 19:00]  111.3910
[154: Tue 26.04.16 20:00]  111.4090
[155: Tue 26.04.16 21:00]  111.4460
[156: Tue 26.04.16 22:00]  111.3260
[157: Tue 26.04.16 23:00]  111.3060
[158: Wed 27.04.16 00:00]  111.2830
[159: Wed 27.04.16 01:00]  111.2270
[160: Wed 27.04.16 02:00]  111.2000
[161: Wed 27.04.16 03:00]  111.2430
[162: Wed 27.04.16 04:00]  111.1850
[163: Wed 27.04.16 05:00]  111.0750
[164: Wed 27.04.16 06:00]  111.0700
[165: Wed 27.04.16 07:00]  111.2250
[166: Wed 27.04.16 08:00]  111.1560
[167: Wed 27.04.16 09:00]  111.2090
[168: Wed 27.04.16 10:00]  111.2050
[169: Wed 27.04.16 11:00]  111.3190
[170: Wed 27.04.16 12:00]  111.2480
[171: Wed 27.04.16 13:00]  111.3320
[172: Wed 27.04.16 14:00]  111.1600
[173: Wed 27.04.16 15:00]  111.1900
[174: Wed 27.04.16 16:00]  111.2800
[175: Wed 27.04.16 17:00]  111.2790
[176: Wed 27.04.16 18:00]  111.3160
[177: Wed 27.04.16 19:00]  111.4200
[178: Wed 27.04.16 20:00]  111.2990
[179: Wed 27.04.16 21:00]  111.5800
[180: Wed 27.04.16 22:00]  111.5290
[181: Wed 27.04.16 23:00]  111.4670
[182: Thu 28.04.16 00:00]  111.5210
[183: Thu 28.04.16 01:00]  111.5330
[184: Thu 28.04.16 02:00]  111.7050
[185: Thu 28.04.16 03:00]  111.7790
[186: Thu 28.04.16 04:00]  111.6930
[187: Thu 28.04.16 05:00]  109.3970
[188: Thu 28.04.16 06:00]  108.9070
[189: Thu 28.04.16 07:00]  108.9680
[190: Thu 28.04.16 08:00]  108.2000
[191: Thu 28.04.16 09:00]  108.4120
[192: Thu 28.04.16 10:00]  108.1320
[193: Thu 28.04.16 11:00]  108.1780
[194: Thu 28.04.16 12:00]  108.0570
[195: Thu 28.04.16 13:00]  108.2370
[196: Thu 28.04.16 14:00]  108.3730
[197: Thu 28.04.16 15:00]  108.6350
[198: Thu 28.04.16 16:00]  108.5670
[199: Thu 28.04.16 17:00]  108.5570.
[200: Thu 28.04.16 18:00]  108.3490
[201: Thu 28.04.16 19:00]  108.0830
[202: Thu 28.04.16 20:00]  108.0840
[203: Thu 28.04.16 21:00]  108.0180
[204: Thu 28.04.16 22:00]  108.1430
[205: Thu 28.04.16 23:00]  108.1280
[206: Fri 29.04.16 00:00]  108.1550
[207: Fri 29.04.16 01:00]  108.1130
[208: Fri 29.04.16 02:00]  107.7880
[209: Fri 29.04.16 03:00]  107.3950
[210: Fri 29.04.16 04:00]  107.3840
[211: Fri 29.04.16 05:00]  107.3440
[212: Fri 29.04.16 06:00]  107.2200
[213: Fri 29.04.16 07:00]  107.3180
[214: Fri 29.04.16 08:00]  107.2970
[215: Fri 29.04.16 09:00]  107.1280
[216: Fri 29.04.16 10:00]  107.1000
[217: Fri 29.04.16 11:00]  107.0980
[218: Fri 29.04.16 12:00]  107.0280
[219: Fri 29.04.16 13:00]  107.1300
[220: Fri 29.04.16 14:00]  107.2390
[221: Fri 29.04.16 15:00]  107.3820
[222: Fri 29.04.16 16:00]  107.0170
[223: Fri 29.04.16 17:00]  106.9100
[224: Fri 29.04.16 18:00]  106.8370
[225: Fri 29.04.16 19:00]  106.7430
[226: Sun 01.05.16 23:00]  106.7480
[227: Mon 02.05.16 00:00]  106.7000
[228: Mon 02.05.16 01:00]  106.4440
[229: Mon 02.05.16 02:00]  106.4420
[230: Mon 02.05.16 03:00]  106.4290
[231: Mon 02.05.16 04:00]  106.5460
[232: Mon 02.05.16 05:00]  106.5480
[233: Mon 02.05.16 06:00]  106.6130
[234: Mon 02.05.16 07:00]  106.5590
[235: Mon 02.05.16 08:00]  106.4890
[236: Mon 02.05.16 09:00]  106.4090
[237: Mon 02.05.16 10:00]  106.4300
[238: Mon 02.05.16 11:00]  106.4030
[239: Mon 02.05.16 12:00]  106.6300
[240: Mon 02.05.16 13:00]  106.6230
[241: Mon 02.05.16 14:00]  106.6110
[242: Mon 02.05.16 15:00]  106.6330
[243: Mon 02.05.16 16:00]  106.5480
[244: Mon 02.05.16 17:00]  106.4910
[245: Mon 02.05.16 18:00]  106.4460
[246: Mon 02.05.16 19:00]  106.5020
[247: Mon 02.05.16 20:00]  106.4530
[248: Mon 02.05.16 21:00]  106.4710
[249: Mon 02.05.16 22:00]  106.4200
[250: Mon 02.05.16 23:00]  106.4190
[251: Tue 03.05.16 00:00]  106.4270
[252: Tue 03.05.16 01:00]  106.4160
[253: Tue 03.05.16 02:00]  106.1350
[254: Tue 03.05.16 03:00]  106.2120
[255: Tue 03.05.16 04:00]  106.1710
[256: Tue 03.05.16 05:00]  106.1790
[257: Tue 03.05.16 06:00]  106.0040
[258: Tue 03.05.16 07:00]  105.8940
[259: Tue 03.05.16 08:00]  105.8160
[260: Tue 03.05.16 09:00]  105.5830
[261: Tue 03.05.16 10:00]  105.7260
[262: Tue 03.05.16 11:00]  105.7650
[263: Tue 03.05.16 12:00]  105.8380
[264: Tue 03.05.16 13:00]  105.8800
[265: Tue 03.05.16 14:00]  106.0270
[266: Tue 03.05.16 15:00]  105.9960
[267: Tue 03.05.16 16:00]  106.1960
[268: Tue 03.05.16 17:00]  106.3600
[269: Tue 03.05.16 18:00]  106.3180
[270: Tue 03.05.16 19:00]  106.2730
[271: Tue 03.05.16 20:00]  106.4250
[272: Tue 03.05.16 21:00]  106.4580
[273: Tue 03.05.16 22:00]  106.6510
[274: Tue 03.05.16 23:00]  106.9600
[275: Wed 04.05.16 00:00]  106.8630
[276: Wed 04.05.16 01:00]  106.6730
[277: Wed 04.05.16 02:00]  106.6010
[278: Wed 04.05.16 03:00]  107.1490
[279: Wed 04.05.16 04:00]  107.1180
[280: Wed 04.05.16 05:00]  107.3160
[281: Wed 04.05.16 06:00]  107.1840
[282: Wed 04.05.16 07:00]  107.0950
[283: Wed 04.05.16 08:00]  106.8870
[284: Wed 04.05.16 09:00]  106.9160
[285: Wed 04.05.16 10:00]  106.8370
[286: Wed 04.05.16 11:00]  106.7970
[287: Wed 04.05.16 12:00]  106.7250
[288: Wed 04.05.16 13:00]  106.6250
[289: Wed 04.05.16 14:00]  106.5860
[290: Wed 04.05.16 15:00]  106.7790
[291: Wed 04.05.16 16:00]  106.8940
[292: Wed 04.05.16 17:00]  107.1430
[293: Wed 04.05.16 18:00]  107.0900
[294: Wed 04.05.16 19:00]  107.1360
[295: Wed 04.05.16 20:00]  106.9360
[296: Wed 04.05.16 21:00]  106.9140
[297: Wed 04.05.16 22:00]  107.0530
[298: Wed 04.05.16 23:00]  107.0420
[299: Thu 05.05.16 00:00]  106.9770.
[300: Thu 05.05.16 01:00]  106.9450
[301: Thu 05.05.16 02:00]  107.1690
[302: Thu 05.05.16 03:00]  107.1680
[303: Thu 05.05.16 04:00]  107.1240
[304: Thu 05.05.16 05:00]  107.1370
[305: Thu 05.05.16 06:00]  107.1320
[306: Thu 05.05.16 07:00]  107.0240
[307: Thu 05.05.16 08:00]  107.0680
[308: Thu 05.05.16 09:00]  107.1640
[309: Thu 05.05.16 10:00]  107.3050
[310: Thu 05.05.16 11:00]  107.3260
[311: Thu 05.05.16 12:00]  107.2840
[312: Thu 05.05.16 13:00]  107.1710
[313: Thu 05.05.16 14:00]  106.8300
[314: Thu 05.05.16 15:00]  107.3320
[315: Thu 05.05.16 16:00]  107.3960
[316: Thu 05.05.16 17:00]  107.3330
[317: Thu 05.05.16 18:00]  107.2880
[318: Thu 05.05.16 19:00]  107.2590
[319: Thu 05.05.16 20:00]  107.2580
[320: Thu 05.05.16 21:00]  107.2460
[321: Thu 05.05.16 22:00]  107.2650
[322: Thu 05.05.16 23:00]  107.2890
[323: Fri 06.05.16 00:00]  107.2660
[324: Fri 06.05.16 01:00]  107.3610
[325: Fri 06.05.16 02:00]  107.2870
[326: Fri 06.05.16 03:00]  107.1310
[327: Fri 06.05.16 04:00]  107.1040
[328: Fri 06.05.16 05:00]  107.1010
[329: Fri 06.05.16 06:00]  107.1620
[330: Fri 06.05.16 07:00]  107.2210
[331: Fri 06.05.16 08:00]  106.9990
[332: Fri 06.05.16 09:00]  106.9500
[333: Fri 06.05.16 10:00]  106.9280
[334: Fri 06.05.16 11:00]  106.9390
[335: Fri 06.05.16 12:00]  106.9850
[336: Fri 06.05.16 13:00]  106.9540
[337: Fri 06.05.16 14:00]  106.5190
[338: Fri 06.05.16 15:00]  106.7580
[339: Fri 06.05.16 16:00]  106.6630
[340: Fri 06.05.16 17:00]  106.6740
[341: Fri 06.05.16 18:00]  106.6620
[342: Fri 06.05.16 19:00]  106.8450
[343: Sun 08.05.16 23:00]  107.1210
[344: Mon 09.05.16 00:00]  107.2630
[345: Mon 09.05.16 01:00]  107.3720
[346: Mon 09.05.16 02:00]  107.4800
[347: Mon 09.05.16 03:00]  107.2860
[348: Mon 09.05.16 04:00]  107.3120
[349: Mon 09.05.16 05:00]  107.3250
[350: Mon 09.05.16 06:00]  107.4020
[351: Mon 09.05.16 07:00]  107.5820
[352: Mon 09.05.16 08:00]  107.5750
[353: Mon 09.05.16 09:00]  107.6620
[354: Mon 09.05.16 10:00]  107.8670
[355: Mon 09.05.16 11:00]  107.8850
[356: Mon 09.05.16 12:00]  108.0090
[357: Mon 09.05.16 13:00]  108.3330
[358: Mon 09.05.16 14:00]  108.3150
[359: Mon 09.05.16 15:00]  108.6010
[360: Mon 09.05.16 16:00]  108.3430
[361: Mon 09.05.16 17:00]  108.3960
[362: Mon 09.05.16 18:00]  108.4150
[363: Mon 09.05.16 19:00]  108.4080
[364: Mon 09.05.16 20:00]  108.4690
[365: Mon 09.05.16 21:00]  108.3920
[366: Mon 09.05.16 22:00]  108.3270
[367: Mon 09.05.16 23:00]  108.5070
[368: Tue 10.05.16 00:00]  108.3990
[369: Tue 10.05.16 01:00]  108.3720
[370: Tue 10.05.16 02:00]  108.4550
[371: Tue 10.05.16 03:00]  108.6800
[372: Tue 10.05.16 04:00]  108.5950
[373: Tue 10.05.16 05:00]  108.7360
[374: Tue 10.05.16 06:00]  108.8770
[375: Tue 10.05.16 07:00]  108.7810
[376: Tue 10.05.16 08:00]  108.7360
[377: Tue 10.05.16 09:00]  108.8930
[378: Tue 10.05.16 10:00]  108.9810
[379: Tue 10.05.16 11:00]  109.2420
[380: Tue 10.05.16 12:00]  109.1800
[381: Tue 10.05.16 13:00]  109.2020
[382: Tue 10.05.16 14:00]  109.1440
[383: Tue 10.05.16 15:00]  109.0350
[384: Tue 10.05.16 16:00]  109.0810
[385: Tue 10.05.16 17:00]  109.2300
[386: Tue 10.05.16 18:00]  109.2900
[387: Tue 10.05.16 19:00]  109.3140
[388: Tue 10.05.16 20:00]  109.3020
[389: Tue 10.05.16 21:00]  109.2990
[390: Tue 10.05.16 22:00]  109.2790
[391: Tue 10.05.16 23:00]  109.3550
[392: Wed 11.05.16 00:00]  109.2890
[393: Wed 11.05.16 01:00]  109.2260
[394: Wed 11.05.16 02:00]  109.1590
[395: Wed 11.05.16 03:00]  108.7780
[396: Wed 11.05.16 04:00]  108.7270
[397: Wed 11.05.16 05:00]  108.8040
[398: Wed 11.05.16 06:00]  108.8060
[399: Wed 11.05.16 07:00]  108.7020.
[400: Wed 11.05.16 08:00]  108.7200
[401: Wed 11.05.16 09:00]  108.6190
[402: Wed 11.05.16 10:00]  108.6860
[403: Wed 11.05.16 11:00]  108.6690
[404: Wed 11.05.16 12:00]  108.7680
[405: Wed 11.05.16 13:00]  108.7230
[406: Wed 11.05.16 14:00]  108.7530
[407: Wed 11.05.16 15:00]  108.4550
[408: Wed 11.05.16 16:00]  108.6450
[409: Wed 11.05.16 17:00]  108.4940
[410: Wed 11.05.16 18:00]  108.5250
[411: Wed 11.05.16 19:00]  108.4130
[412: Wed 11.05.16 20:00]  108.4850
[413: Wed 11.05.16 21:00]  108.4760
[414: Wed 11.05.16 22:00]  108.4470
[415: Wed 11.05.16 23:00]  108.4760
[416: Thu 12.05.16 00:00]  108.4520
[417: Thu 12.05.16 01:00]  108.4270
[418: Thu 12.05.16 02:00]  108.3920
[419: Thu 12.05.16 03:00]  108.4170
[420: Thu 12.05.16 04:00]  108.6040
[421: Thu 12.05.16 05:00]  108.6690
[422: Thu 12.05.16 06:00]  108.8480
[423: Thu 12.05.16 07:00]  108.9180
[424: Thu 12.05.16 08:00]  108.9900
[425: Thu 12.05.16 09:00]  108.9350
[426: Thu 12.05.16 10:00]  108.9640
[427: Thu 12.05.16 11:00]  109.1970
[428: Thu 12.05.16 12:00]  109.2370
[429: Thu 12.05.16 13:00]  109.3860
[430: Thu 12.05.16 14:00]  109.1950
[431: Thu 12.05.16 15:00]  108.8320
[432: Thu 12.05.16 16:00]  108.7170
[433: Thu 12.05.16 17:00]  108.7480
[434: Thu 12.05.16 18:00]  108.9570
[435: Thu 12.05.16 19:00]  109.0590
[436: Thu 12.05.16 20:00]  109.1350
[437: Thu 12.05.16 21:00]  109.0930
[438: Thu 12.05.16 22:00]  109.0570
[439: Thu 12.05.16 23:00]  109.0530
[440: Fri 13.05.16 00:00]  108.9520
[441: Fri 13.05.16 01:00]  109.1020
[442: Fri 13.05.16 02:00]  108.8890
[443: Fri 13.05.16 03:00]  108.8910
[444: Fri 13.05.16 04:00]  108.7910
[445: Fri 13.05.16 05:00]  108.7850
[446: Fri 13.05.16 06:00]  108.8420
[447: Fri 13.05.16 07:00]  108.7570
[448: Fri 13.05.16 08:00]  108.6120
[449: Fri 13.05.16 09:00]  108.8000
[450: Fri 13.05.16 10:00]  108.7230
[451: Fri 13.05.16 11:00]  108.8100
[452: Fri 13.05.16 12:00]  108.9120
[453: Fri 13.05.16 13:00]  108.8200
[454: Fri 13.05.16 14:00]  109.1890
[455: Fri 13.05.16 15:00]  109.2380
[456: Fri 13.05.16 16:00]  109.0930
[457: Fri 13.05.16 17:00]  109.1490
[458: Fri 13.05.16 18:00]  108.8800
[459: Fri 13.05.16 19:00]  108.6930
[460: Sun 15.05.16 23:00]  108.6390
[461: Mon 16.05.16 00:00]  108.5650
[462: Mon 16.05.16 01:00]  108.6730
[463: Mon 16.05.16 02:00]  108.8330
[464: Mon 16.05.16 03:00]  108.8740
[465: Mon 16.05.16 04:00]  108.9830
[466: Mon 16.05.16 05:00]  108.9710
[467: Mon 16.05.16 06:00]  108.7650
[468: Mon 16.05.16 07:00]  108.7770
[469: Mon 16.05.16 08:00]  108.7580
[470: Mon 16.05.16 09:00]  108.7850
[471: Mon 16.05.16 10:00]  108.8010
[472: Mon 16.05.16 11:00]  108.9290
[473: Mon 16.05.16 12:00]  108.8320
[474: Mon 16.05.16 13:00]  108.8720
[475: Mon 16.05.16 14:00]  108.8460
[476: Mon 16.05.16 15:00]  108.8340
[477: Mon 16.05.16 16:00]  108.8260
[478: Mon 16.05.16 17:00]  108.9070
[479: Mon 16.05.16 18:00]  108.9720
[480: Mon 16.05.16 19:00]  109.0710
[481: Mon 16.05.16 20:00]  108.9930
[482: Mon 16.05.16 21:00]  108.9690
[483: Mon 16.05.16 22:00]  109.0330
[484: Mon 16.05.16 23:00]  109.0750
[485: Tue 17.05.16 00:00]  109.0700
[486: Tue 17.05.16 01:00]  109.0980
[487: Tue 17.05.16 02:00]  108.9430
[488: Tue 17.05.16 03:00]  109.0230
[489: Tue 17.05.16 04:00]  108.9180
[490: Tue 17.05.16 05:00]  108.9300
[491: Tue 17.05.16 06:00]  108.9800
[492: Tue 17.05.16 07:00]  109.1690
[493: Tue 17.05.16 08:00]  109.3570
[494: Tue 17.05.16 09:00]  109.4050
[495: Tue 17.05.16 10:00]  109.6380
[496: Tue 17.05.16 11:00]  109.5630
[497: Tue 17.05.16 12:00]  109.5290
[498: Tue 17.05.16 13:00]  109.4580
[499: Tue 17.05.16 14:00]  109.2620.
[500: Tue 17.05.16 15:00]  109.0380
[501: Tue 17.05.16 16:00]  108.9490
[502: Tue 17.05.16 17:00]  109.0390
[503: Tue 17.05.16 18:00]  109.0470
[504: Tue 17.05.16 19:00]  109.1270
[505: Tue 17.05.16 20:00]  109.1100
[506: Tue 17.05.16 21:00]  109.0950
[507: Tue 17.05.16 22:00]  109.1630
[508: Tue 17.05.16 23:00]  109.1440
[509: Wed 18.05.16 00:00]  109.1260
[510: Wed 18.05.16 01:00]  109.0250
[511: Wed 18.05.16 02:00]  108.8340
[512: Wed 18.05.16 03:00]  109.1420
[513: Wed 18.05.16 04:00]  109.3200
[514: Wed 18.05.16 05:00]  109.2350
[515: Wed 18.05.16 06:00]  109.0350
[516: Wed 18.05.16 07:00]  109.2630
[517: Wed 18.05.16 08:00]  109.4940
[518: Wed 18.05.16 09:00]  109.4370
[519: Wed 18.05.16 10:00]  109.5050
[520: Wed 18.05.16 11:00]  109.4310
[521: Wed 18.05.16 12:00]  109.4510
[522: Wed 18.05.16 13:00]  109.3290
[523: Wed 18.05.16 14:00]  109.4290
[524: Wed 18.05.16 15:00]  109.6670
[525: Wed 18.05.16 16:00]  109.6080
[526: Wed 18.05.16 17:00]  109.6650
[527: Wed 18.05.16 18:00]  109.7350
[528: Wed 18.05.16 19:00]  109.5980
[529: Wed 18.05.16 20:00]  110.0010
[530: Wed 18.05.16 21:00]  110.2480
[531: Wed 18.05.16 22:00]  110.2040
[532: Wed 18.05.16 23:00]  110.1940
[533: Thu 19.05.16 00:00]  110.1320
[534: Thu 19.05.16 01:00]  110.1870
[535: Thu 19.05.16 02:00]  110.1300
[536: Thu 19.05.16 03:00]  110.1310
[537: Thu 19.05.16 04:00]  110.0150
[538: Thu 19.05.16 05:00]  110.0320
[539: Thu 19.05.16 06:00]  110.0850
[540: Thu 19.05.16 07:00]  110.3520
[541: Thu 19.05.16 08:00]  110.1770
[542: Thu 19.05.16 09:00]  110.0830
[543: Thu 19.05.16 10:00]  110.0810
[544: Thu 19.05.16 11:00]  109.9590
[545: Thu 19.05.16 12:00]  109.9350
[546: Thu 19.05.16 13:00]  109.9090
[547: Thu 19.05.16 14:00]  110.1900
[548: Thu 19.05.16 15:00]  109.7890
[549: Thu 19.05.16 16:00]  109.9060
[550: Thu 19.05.16 17:00]  109.8240
[551: Thu 19.05.16 18:00]  109.7980
[552: Thu 19.05.16 19:00]  109.8970
[553: Thu 19.05.16 20:00]  109.9090
[554: Thu 19.05.16 21:00]  109.9710
[555: Thu 19.05.16 22:00]  109.9780
[556: Thu 19.05.16 23:00]  109.9670
[557: Fri 20.05.16 00:00]  109.9410
[558: Fri 20.05.16 01:00]  109.9240
[559: Fri 20.05.16 02:00]  110.0250
[560: Fri 20.05.16 03:00]  110.0080
[561: Fri 20.05.16 04:00]  110.0320
[562: Fri 20.05.16 05:00]  110.0370
[563: Fri 20.05.16 06:00]  110.0780
[564: Fri 20.05.16 07:00]  110.1410
[565: Fri 20.05.16 08:00]  110.1180
[566: Fri 20.05.16 09:00]  110.2860
[567: Fri 20.05.16 10:00]  110.3350
[568: Fri 20.05.16 11:00]  110.2420
[569: Fri 20.05.16 12:00]  110.3570
[570: Fri 20.05.16 13:00]  110.3490
[571: Fri 20.05.16 14:00]  110.3510
[572: Fri 20.05.16 15:00]  110.5060
[573: Fri 20.05.16 16:00]  110.4660
[574: Fri 20.05.16 17:00]  110.5370
[575: Fri 20.05.16 18:00]  110.4950
[576: Fri 20.05.16 19:00]  110.1920
[577: Sun 22.05.16 23:00]  110.2410
[578: Mon 23.05.16 00:00]  110.2170
[579: Mon 23.05.16 01:00]  110.0400
[580: Mon 23.05.16 02:00]  109.8220
[581: Mon 23.05.16 03:00]  109.7410
[582: Mon 23.05.16 04:00]  109.8100
[583: Mon 23.05.16 05:00]  109.8500
[584: Mon 23.05.16 06:00]  109.8940
[585: Mon 23.05.16 07:00]  109.8140
[586: Mon 23.05.16 08:00]  109.6440
[587: Mon 23.05.16 09:00]  109.5520
[588: Mon 23.05.16 10:00]  109.5900
[589: Mon 23.05.16 11:00]  109.4080
[590: Mon 23.05.16 12:00]  109.4610
[591: Mon 23.05.16 13:00]  109.4850
[592: Mon 23.05.16 14:00]  109.4320
[593: Mon 23.05.16 15:00]  109.4290
[594: Mon 23.05.16 16:00]  109.4540
[595: Mon 23.05.16 17:00]  109.4770
[596: Mon 23.05.16 18:00]  109.3660
[597: Mon 23.05.16 19:00]  109.1560
[598: Mon 23.05.16 20:00]  109.2020
[599: Mon 23.05.16 21:00]  109.2550.
[600: Mon 23.05.16 22:00]  109.2470
[601: Mon 23.05.16 23:00]  109.2430
[602: Tue 24.05.16 00:00]  109.2820
[603: Tue 24.05.16 01:00]  109.3840
[604: Tue 24.05.16 02:00]  109.2670
[605: Tue 24.05.16 03:00]  109.4140
[606: Tue 24.05.16 04:00]  109.3990
[607: Tue 24.05.16 05:00]  109.4000
[608: Tue 24.05.16 06:00]  109.2850
[609: Tue 24.05.16 07:00]  109.2640
[610: Tue 24.05.16 08:00]  109.4070
[611: Tue 24.05.16 09:00]  109.5440
[612: Tue 24.05.16 10:00]  109.5550
[613: Tue 24.05.16 11:00]  109.6490
[614: Tue 24.05.16 12:00]  109.6140
[615: Tue 24.05.16 13:00]  109.6970
[616: Tue 24.05.16 14:00]  109.7370
[617: Tue 24.05.16 15:00]  109.8680
[618: Tue 24.05.16 16:00]  109.8780
[619: Tue 24.05.16 17:00]  110.0130
[620: Tue 24.05.16 18:00]  109.9960
[621: Tue 24.05.16 19:00]  110.0330
[622: Tue 24.05.16 20:00]  109.9710
[623: Tue 24.05.16 21:00]  110.0100
[624: Tue 24.05.16 22:00]  110.0050
[625: Tue 24.05.16 23:00]  109.9960
[626: Wed 25.05.16 00:00]  110.0370
[627: Wed 25.05.16 01:00]  110.1720
[628: Wed 25.05.16 02:00]  110.1260
[629: Wed 25.05.16 03:00]  110.1890
[630: Wed 25.05.16 04:00]  110.1290
[631: Wed 25.05.16 05:00]  109.8940
[632: Wed 25.05.16 06:00]  110.0160
[633: Wed 25.05.16 07:00]  109.9500
[634: Wed 25.05.16 08:00]  109.9440
[635: Wed 25.05.16 09:00]  110.0440
[636: Wed 25.05.16 10:00]  110.2390
[637: Wed 25.05.16 11:00]  110.1730
[638: Wed 25.05.16 12:00]  110.2200
[639: Wed 25.05.16 13:00]  110.1590
[640: Wed 25.05.16 14:00]  110.3700
[641: Wed 25.05.16 15:00]  110.3070
[642: Wed 25.05.16 16:00]  110.2880
[643: Wed 25.05.16 17:00]  110.2410
[644: Wed 25.05.16 18:00]  110.2210
[645: Wed 25.05.16 19:00]  110.2160
[646: Wed 25.05.16 20:00]  110.0870
[647: Wed 25.05.16 21:00]  110.1560
[648: Wed 25.05.16 22:00]  110.2270
[649: Wed 25.05.16 23:00]  110.1860
[650: Thu 26.05.16 00:00]  110.1890
[651: Thu 26.05.16 01:00]  110.1460
[652: Thu 26.05.16 02:00]  109.5700
[653: Thu 26.05.16 03:00]  109.7540
[654: Thu 26.05.16 04:00]  109.6400
[655: Thu 26.05.16 05:00]  109.7090
[656: Thu 26.05.16 06:00]  109.7600
[657: Thu 26.05.16 07:00]  109.6340
[658: Thu 26.05.16 08:00]  109.9030
[659: Thu 26.05.16 09:00]  110.0360
[660: Thu 26.05.16 10:00]  109.9310
[661: Thu 26.05.16 11:00]  109.9740
[662: Thu 26.05.16 12:00]  110.0110
[663: Thu 26.05.16 13:00]  110.0840
[664: Thu 26.05.16 14:00]  109.7910
[665: Thu 26.05.16 15:00]  109.6880
[666: Thu 26.05.16 16:00]  109.6750
[667: Thu 26.05.16 17:00]  109.7570
[668: Thu 26.05.16 18:00]  109.8090
[669: Thu 26.05.16 19:00]  109.7330
[670: Thu 26.05.16 20:00]  109.7310
[671: Thu 26.05.16 21:00]  109.7410
[672: Thu 26.05.16 22:00]  109.7770
[673: Thu 26.05.16 23:00]  109.7640
[674: Fri 27.05.16 00:00]  109.6910
[675: Fri 27.05.16 01:00]  109.7200
[676: Fri 27.05.16 02:00]  109.8020
[677: Fri 27.05.16 03:00]  109.8740
[678: Fri 27.05.16 04:00]  109.9170
[679: Fri 27.05.16 05:00]  109.9140
[680: Fri 27.05.16 06:00]  109.8830
[681: Fri 27.05.16 07:00]  109.7470
[682: Fri 27.05.16 08:00]  109.7000
[683: Fri 27.05.16 09:00]  109.7800
[684: Fri 27.05.16 10:00]  109.7030
[685: Fri 27.05.16 11:00]  109.6720
[686: Fri 27.05.16 12:00]  109.6230
[687: Fri 27.05.16 13:00]  109.6730
[688: Fri 27.05.16 14:00]  109.6250
[689: Fri 27.05.16 15:00]  109.6990
[690: Fri 27.05.16 16:00]  109.8530
[691: Fri 27.05.16 17:00]  109.8650
[692: Fri 27.05.16 18:00]  109.9330
[693: Fri 27.05.16 19:00]  110.1690
[694: Sun 29.05.16 23:00]  110.3620
[695: Mon 30.05.16 00:00]  110.7340
[696: Mon 30.05.16 01:00]  110.7850
[697: Mon 30.05.16 02:00]  110.7540
[698: Mon 30.05.16 03:00]  110.8420
[699: Mon 30.05.16 04:00]  110.9740.
[700: Mon 30.05.16 05:00]  111.0130
[701: Mon 30.05.16 06:00]  111.1290
[702: Mon 30.05.16 07:00]  111.3050
[703: Mon 30.05.16 08:00]  111.2850
[704: Mon 30.05.16 09:00]  111.3720
[705: Mon 30.05.16 10:00]  111.1340
[706: Mon 30.05.16 11:00]  111.1580
[707: Mon 30.05.16 12:00]  111.1190
[708: Mon 30.05.16 13:00]  111.1680
[709: Mon 30.05.16 14:00]  111.1790
[710: Mon 30.05.16 15:00]  111.1940
[711: Mon 30.05.16 16:00]  111.0740
[712: Mon 30.05.16 17:00]  111.1050
[713: Mon 30.05.16 18:00]  111.1430
[714: Mon 30.05.16 19:00]  111.0860
[715: Mon 30.05.16 20:00]  111.1330
[716: Mon 30.05.16 21:00]  111.1500
[717: Mon 30.05.16 22:00]  111.1390
[718: Mon 30.05.16 23:00]  111.1500
[719: Tue 31.05.16 00:00]  110.9570
[720: Tue 31.05.16 01:00]  110.8520
[721: Tue 31.05.16 02:00]  110.8920
[722: Tue 31.05.16 03:00]  111.1110
[723: Tue 31.05.16 04:00]  111.0840
[724: Tue 31.05.16 05:00]  111.3050
[725: Tue 31.05.16 06:00]  111.1680
[726: Tue 31.05.16 07:00]  111.2810
[727: Tue 31.05.16 08:00]  111.1630
[728: Tue 31.05.16 09:00]  111.1500
[729: Tue 31.05.16 10:00]  110.9600
[730: Tue 31.05.16 11:00]  111.0890
[731: Tue 31.05.16 12:00]  111.0870
[732: Tue 31.05.16 13:00]  111.0230
[733: Tue 31.05.16 14:00]  111.1720
[734: Tue 31.05.16 15:00]  111.1670
[735: Tue 31.05.16 16:00]  110.9550
[736: Tue 31.05.16 17:00]  110.7740
[737: Tue 31.05.16 18:00]  110.6910
[738: Tue 31.05.16 19:00]  110.7420
[739: Tue 31.05.16 20:00]  110.5930
[740: Tue 31.05.16 21:00]  110.7240
[741: Tue 31.05.16 22:00]  110.7630
[742: Tue 31.05.16 23:00]  110.7460
[743: Wed 01.06.16 00:00]  110.7520
[744: Wed 01.06.16 01:00]  110.6460
[745: Wed 01.06.16 02:00]  110.5850
[746: Wed 01.06.16 03:00]  110.7200
[747: Wed 01.06.16 04:00]  110.7360
[748: Wed 01.06.16 05:00]  110.6080
[749: Wed 01.06.16 06:00]  110.4940
[750: Wed 01.06.16 07:00]  109.9650
[751: Wed 01.06.16 08:00]  110.0670
[752: Wed 01.06.16 09:00]  110.0650
[753: Wed 01.06.16 10:00]  109.8780
[754: Wed 01.06.16 11:00]  109.6460
[755: Wed 01.06.16 12:00]  109.5470
[756: Wed 01.06.16 13:00]  109.2310
[757: Wed 01.06.16 14:00]  109.0890
[758: Wed 01.06.16 15:00]  109.3070
[759: Wed 01.06.16 16:00]  109.4370
[760: Wed 01.06.16 17:00]  109.5630
[761: Wed 01.06.16 18:00]  109.6670
[762: Wed 01.06.16 19:00]  109.5430
[763: Wed 01.06.16 20:00]  109.5780
[764: Wed 01.06.16 21:00]  109.5110
[765: Wed 01.06.16 22:00]  109.5490
[766: Wed 01.06.16 23:00]  109.4690
[767: Thu 02.06.16 00:00]  109.5550
[768: Thu 02.06.16 01:00]  109.4730
[769: Thu 02.06.16 02:00]  109.3380
[770: Thu 02.06.16 03:00]  109.2090
[771: Thu 02.06.16 04:00]  108.9600
[772: Thu 02.06.16 05:00]  108.9630
[773: Thu 02.06.16 06:00]  109.1820
[774: Thu 02.06.16 07:00]  109.1230
[775: Thu 02.06.16 08:00]  109.1970
[776: Thu 02.06.16 09:00]  108.9670
[777: Thu 02.06.16 10:00]  109.0050
[778: Thu 02.06.16 11:00]  109.0500
[779: Thu 02.06.16 12:00]  108.9630
[780: Thu 02.06.16 13:00]  109.0240
[781: Thu 02.06.16 14:00]  108.7750
[782: Thu 02.06.16 15:00]  108.6140
[783: Thu 02.06.16 16:00]  108.5620
[784: Thu 02.06.16 17:00]  108.7550
[785: Thu 02.06.16 18:00]  108.7360
[786: Thu 02.06.16 19:00]  108.8030
[787: Thu 02.06.16 20:00]  108.8930
[788: Thu 02.06.16 21:00]  108.8100
[789: Thu 02.06.16 22:00]  108.8850
[790: Thu 02.06.16 23:00]  108.8600
[791: Fri 03.06.16 00:00]  108.8510
[792: Fri 03.06.16 01:00]  108.8720
[793: Fri 03.06.16 02:00]  109.0300
[794: Fri 03.06.16 03:00]  108.9390
[795: Fri 03.06.16 04:00]  108.8920
[796: Fri 03.06.16 05:00]  108.8430
[797: Fri 03.06.16 06:00]  108.6220
[798: Fri 03.06.16 07:00]  108.6740
[799: Fri 03.06.16 08:00]  108.7740.
[800: Fri 03.06.16 09:00]  108.7570
[801: Fri 03.06.16 10:00]  108.8510
[802: Fri 03.06.16 11:00]  108.9980
[803: Fri 03.06.16 12:00]  108.9360
[804: Fri 03.06.16 13:00]  108.8840
[805: Fri 03.06.16 14:00]  107.6030
[806: Fri 03.06.16 15:00]  107.1490
[807: Fri 03.06.16 16:00]  106.7810
[808: Fri 03.06.16 17:00]  106.8990
[809: Fri 03.06.16 18:00]  106.7500
[810: Fri 03.06.16 19:00]  106.6270
[811: Sun 05.06.16 23:00]  106.6970
[812: Mon 06.06.16 00:00]  106.6940
[813: Mon 06.06.16 01:00]  106.6830
[814: Mon 06.06.16 02:00]  106.6100
[815: Mon 06.06.16 03:00]  106.8100
[816: Mon 06.06.16 04:00]  107.0560
[817: Mon 06.06.16 05:00]  107.0550
[818: Mon 06.06.16 06:00]  107.0200
[819: Mon 06.06.16 07:00]  106.9750
[820: Mon 06.06.16 08:00]  107.0480
[821: Mon 06.06.16 09:00]  107.1920
[822: Mon 06.06.16 10:00]  107.1760
[823: Mon 06.06.16 11:00]  107.1610
[824: Mon 06.06.16 12:00]  107.1510
[825: Mon 06.06.16 13:00]  107.1030
[826: Mon 06.06.16 14:00]  107.1600
[827: Mon 06.06.16 15:00]  107.1640
[828: Mon 06.06.16 16:00]  107.2630
[829: Mon 06.06.16 17:00]  107.3460
[830: Mon 06.06.16 18:00]  106.9500
[831: Mon 06.06.16 19:00]  107.2590
[832: Mon 06.06.16 20:00]  107.3890
[833: Mon 06.06.16 21:00]  107.5810
[834: Mon 06.06.16 22:00]  107.5660
[835: Mon 06.06.16 23:00]  107.5400
[836: Tue 07.06.16 00:00]  107.5440
[837: Tue 07.06.16 01:00]  107.4630
[838: Tue 07.06.16 02:00]  107.3450
[839: Tue 07.06.16 03:00]  107.6120
[840: Tue 07.06.16 04:00]  107.7490
[841: Tue 07.06.16 05:00]  107.8280
[842: Tue 07.06.16 06:00]  107.7020
[843: Tue 07.06.16 07:00]  107.6600
[844: Tue 07.06.16 08:00]  107.5940
[845: Tue 07.06.16 09:00]  107.7470
[846: Tue 07.06.16 10:00]  107.7370
[847: Tue 07.06.16 11:00]  107.8010
[848: Tue 07.06.16 12:00]  107.7690
[849: Tue 07.06.16 13:00]  107.7280
[850: Tue 07.06.16 14:00]  107.5250
[851: Tue 07.06.16 15:00]  107.3410
[852: Tue 07.06.16 16:00]  107.2320
[853: Tue 07.06.16 17:00]  107.3220
[854: Tue 07.06.16 18:00]  107.4390
[855: Tue 07.06.16 19:00]  107.2730
[856: Tue 07.06.16 20:00]  107.3140
[857: Tue 07.06.16 21:00]  107.3390
[858: Tue 07.06.16 22:00]  107.3940
[859: Tue 07.06.16 23:00]  107.3410
[860: Wed 08.06.16 00:00]  107.2940
[861: Wed 08.06.16 01:00]  107.3040
[862: Wed 08.06.16 02:00]  107.0590

Logout.. ok