
Z7 
Login FXCM.. at UTC 06.06. 11:44
Demo version
Z7.44: PH  M 100  H 5  W 2  V 2  
Loading EUR/USD prices.. 35535 min
Loading USD/JPY prices.. 35535 min
Loading GBP/USD prices.. 35550 min

Trade: Z7 portfolio 06.06.2016
Lookback period (480 bars)
[94: Mon 09.05.16 00:05]  49963 +0 +0 
[95: Mon 09.05.16 01:01]  49963 +0 +0 
[96: Mon 09.05.16 02:05]  49963 +0 +0 
[97: Mon 09.05.16 03:04]  49963 +0 +0 
[98: Mon 09.05.16 04:01]  49963 +0 +0 
[99: Mon 09.05.16 05:04]  49963 +0 +0 .
[100: Mon 09.05.16 06:06]  49963 +0 +0 
[101: Mon 09.05.16 07:04]  49963 +0 +0 
[102: Mon 09.05.16 08:01]  49963 +0 +0 
[103: Mon 09.05.16 09:06]  49963 +0 +0 
[104: Mon 09.05.16 10:01]  49963 +0 +0 
[105: Mon 09.05.16 11:03]  49963 +0 +0 
[106: Mon 09.05.16 12:06]  49963 +0 +0 
[107: Mon 09.05.16 13:02]  49963 +0 +0 
[108: Mon 09.05.16 14:04]  49963 +0 +0 
[109: Mon 09.05.16 15:06]  49963 +0 +0 
[110: Mon 09.05.16 16:03]  49963 +0 +0 
[111: Mon 09.05.16 17:03]  49963 +0 +0 
[112: Mon 09.05.16 18:02]  49963 +0 +0 
[113: Mon 09.05.16 19:03]  49963 +0 +0 
[114: Mon 09.05.16 20:04]  49963 +0 +0 
[115: Mon 09.05.16 21:02]  49963 +0 +0 
[116: Mon 09.05.16 22:06]  49963 +0 +0 
[117: Mon 09.05.16 23:04]  49963 +0 +0 
[118: Tue 10.05.16 00:06]  49963 +0 +0 
[119: Tue 10.05.16 01:05]  49963 +0 +0 
[120: Tue 10.05.16 02:03]  49963 +0 +0 
[121: Tue 10.05.16 03:05]  49963 +0 +0 
[122: Tue 10.05.16 04:03]  49963 +0 +0 
[123: Tue 10.05.16 05:03]  49963 +0 +0 
[124: Tue 10.05.16 06:02]  49963 +0 +0 
[125: Tue 10.05.16 07:04]  49963 +0 +0 
[126: Tue 10.05.16 08:01]  49963 +0 +0 
[127: Tue 10.05.16 09:06]  49963 +0 +0 
[128: Tue 10.05.16 10:04]  49963 +0 +0 
[129: Tue 10.05.16 11:05]  49963 +0 +0 
[130: Tue 10.05.16 12:05]  49963 +0 +0 
[131: Tue 10.05.16 13:04]  49963 +0 +0 
[132: Tue 10.05.16 14:01]  49963 +0 +0 
[133: Tue 10.05.16 15:05]  49963 +0 +0 
[134: Tue 10.05.16 16:04]  49963 +0 +0 
[135: Tue 10.05.16 17:05]  49963 +0 +0 
[136: Tue 10.05.16 18:01]  49963 +0 +0 
[137: Tue 10.05.16 19:02]  49963 +0 +0 
Read Z7.c
[138: Tue 10.05.16 20:02]  49963 +0 +0 
[139: Tue 10.05.16 21:04]  49963 +0 +0 
[140: Tue 10.05.16 22:05]  49963 +0 +0 
[141: Tue 10.05.16 23:03]  49963 +0 +0 
[142: Wed 11.05.16 00:05]  49963 +0 +0 
[143: Wed 11.05.16 01:04]  49963 +0 +0 
[144: Wed 11.05.16 02:01]  49963 +0 +0 
[145: Wed 11.05.16 03:04]  49963 +0 +0 
[146: Wed 11.05.16 04:04]  49963 +0 +0 
[147: Wed 11.05.16 05:04]  49963 +0 +0 
[148: Wed 11.05.16 06:05]  49963 +0 +0 
[149: Wed 11.05.16 07:05]  49963 +0 +0 
[150: Wed 11.05.16 08:06]  49963 +0 +0 
[151: Wed 11.05.16 09:02]  49963 +0 +0 
[152: Wed 11.05.16 10:01]  49963 +0 +0 
[153: Wed 11.05.16 11:03]  49963 +0 +0 
[154: Wed 11.05.16 12:02]  49963 +0 +0 
[155: Wed 11.05.16 13:04]  49963 +0 +0 
[156: Wed 11.05.16 14:04]  49963 +0 +0 
[157: Wed 11.05.16 15:06]  49963 +0 +0 
[158: Wed 11.05.16 16:01]  49963 +0 +0 
[159: Wed 11.05.16 17:04]  49963 +0 +0 
[160: Wed 11.05.16 18:01]  49963 +0 +0 
[161: Wed 11.05.16 19:05]  49963 +0 +0 
[162: Wed 11.05.16 20:03]  49963 +0 +0 
[163: Wed 11.05.16 21:06]  49963 +0 +0 
[164: Wed 11.05.16 22:01]  49963 +0 +0 
[165: Wed 11.05.16 23:01]  49963 +0 +0 
[166: Thu 12.05.16 00:04]  49963 +0 +0 
[167: Thu 12.05.16 01:06]  49963 +0 +0 
[168: Thu 12.05.16 02:01]  49963 +0 +0 
[169: Thu 12.05.16 03:01]  49963 +0 +0 
[170: Thu 12.05.16 04:01]  49963 +0 +0 
[171: Thu 12.05.16 05:06]  49963 +0 +0 
[172: Thu 12.05.16 06:01]  49963 +0 +0 
[173: Thu 12.05.16 07:05]  49963 +0 +0 
[174: Thu 12.05.16 08:06]  49963 +0 +0 
[175: Thu 12.05.16 09:02]  49963 +0 +0 
[176: Thu 12.05.16 10:02]  49963 +0 +0 
[177: Thu 12.05.16 11:03]  49963 +0 +0 
[178: Thu 12.05.16 12:04]  49963 +0 +0 
[179: Thu 12.05.16 13:03]  49963 +0 +0 
[180: Thu 12.05.16 14:04]  49963 +0 +0 
[181: Thu 12.05.16 15:05]  49963 +0 +0 
[182: Thu 12.05.16 16:03]  49963 +0 +0 
[183: Thu 12.05.16 17:01]  49963 +0 +0 
[184: Thu 12.05.16 18:04]  49963 +0 +0 
[185: Thu 12.05.16 19:04]  49963 +0 +0 
[186: Thu 12.05.16 20:03]  49963 +0 +0 
[187: Thu 12.05.16 21:04]  49963 +0 +0 
[188: Thu 12.05.16 22:03]  49963 +0 +0 
[189: Thu 12.05.16 23:02]  49963 +0 +0 
[190: Fri 13.05.16 00:02]  49963 +0 +0 
[191: Fri 13.05.16 01:05]  49963 +0 +0 
[192: Fri 13.05.16 02:01]  49963 +0 +0 
[193: Fri 13.05.16 03:05]  49963 +0 +0 
[194: Fri 13.05.16 04:04]  49963 +0 +0 
[195: Fri 13.05.16 05:03]  49963 +0 +0 
[196: Fri 13.05.16 06:06]  49963 +0 +0 
[197: Fri 13.05.16 07:03]  49963 +0 +0 
[198: Fri 13.05.16 08:01]  49963 +0 +0 
[199: Fri 13.05.16 09:06]  49963 +0 +0 .
[200: Fri 13.05.16 10:05]  49963 +0 +0 
[201: Fri 13.05.16 11:01]  49963 +0 +0 
[202: Fri 13.05.16 12:03]  49963 +0 +0 
[203: Fri 13.05.16 13:03]  49963 +0 +0 
[204: Fri 13.05.16 14:06]  49963 +0 +0 
[205: Fri 13.05.16 15:05]  49963 +0 +0 
[206: Fri 13.05.16 16:03]  49963 +0 +0 
[207: Fri 13.05.16 17:01]  49963 +0 +0 
[208: Fri 13.05.16 18:03]  49963 +0 +0 
[209: Fri 13.05.16 19:06]  49963 +0 +0 
[210: Sun 15.05.16 23:03]  49963 +0 +0 
[211: Mon 16.05.16 00:03]  49963 +0 +0 
[212: Mon 16.05.16 01:05]  49963 +0 +0 
[213: Mon 16.05.16 02:06]  49963 +0 +0 
[214: Mon 16.05.16 03:03]  49963 +0 +0 
[215: Mon 16.05.16 04:02]  49963 +0 +0 
[216: Mon 16.05.16 05:05]  49963 +0 +0 
[217: Mon 16.05.16 06:04]  49963 +0 +0 
[218: Mon 16.05.16 07:04]  49963 +0 +0 
[219: Mon 16.05.16 08:01]  49963 +0 +0 
[220: Mon 16.05.16 09:03]  49963 +0 +0 
[221: Mon 16.05.16 10:04]  49963 +0 +0 
[222: Mon 16.05.16 11:02]  49963 +0 +0 
[223: Mon 16.05.16 12:01]  49963 +0 +0 
[224: Mon 16.05.16 13:03]  49963 +0 +0 
[225: Mon 16.05.16 14:01]  49963 +0 +0 
[226: Mon 16.05.16 15:03]  49963 +0 +0 
[227: Mon 16.05.16 16:04]  49963 +0 +0 
[228: Mon 16.05.16 17:06]  49963 +0 +0 
[229: Mon 16.05.16 18:03]  49963 +0 +0 
[230: Mon 16.05.16 19:06]  49963 +0 +0 
[231: Mon 16.05.16 20:04]  49963 +0 +0 
[232: Mon 16.05.16 21:02]  49963 +0 +0 
[233: Mon 16.05.16 22:04]  49963 +0 +0 
[234: Mon 16.05.16 23:06]  49963 +0 +0 
[235: Tue 17.05.16 00:02]  49963 +0 +0 
[236: Tue 17.05.16 01:05]  49963 +0 +0 
[237: Tue 17.05.16 02:03]  49963 +0 +0 
[238: Tue 17.05.16 03:06]  49963 +0 +0 
[239: Tue 17.05.16 04:06]  49963 +0 +0 
[240: Tue 17.05.16 05:06]  49963 +0 +0 
[241: Tue 17.05.16 06:06]  49963 +0 +0 
[242: Tue 17.05.16 07:02]  49963 +0 +0 
[243: Tue 17.05.16 08:01]  49963 +0 +0 
[244: Tue 17.05.16 09:05]  49963 +0 +0 
[245: Tue 17.05.16 10:03]  49963 +0 +0 
[246: Tue 17.05.16 11:02]  49963 +0 +0 
[247: Tue 17.05.16 12:02]  49963 +0 +0 
[248: Tue 17.05.16 13:05]  49963 +0 +0 
[249: Tue 17.05.16 14:01]  49963 +0 +0 
[250: Tue 17.05.16 15:06]  49963 +0 +0 
[251: Tue 17.05.16 16:04]  49963 +0 +0 
[252: Tue 17.05.16 17:04]  49963 +0 +0 
[253: Tue 17.05.16 18:03]  49963 +0 +0 
[254: Tue 17.05.16 19:02]  49963 +0 +0 
[255: Tue 17.05.16 20:05]  49963 +0 +0 
[256: Tue 17.05.16 21:02]  49963 +0 +0 
[257: Tue 17.05.16 22:06]  49963 +0 +0 
[258: Tue 17.05.16 23:06]  49963 +0 +0 
[259: Wed 18.05.16 00:01]  49963 +0 +0 
[260: Wed 18.05.16 01:03]  49963 +0 +0 
[261: Wed 18.05.16 02:06]  49963 +0 +0 
[262: Wed 18.05.16 03:05]  49963 +0 +0 
[263: Wed 18.05.16 04:06]  49963 +0 +0 
[264: Wed 18.05.16 05:01]  49963 +0 +0 
[265: Wed 18.05.16 06:06]  49963 +0 +0 
[266: Wed 18.05.16 07:06]  49963 +0 +0 
[267: Wed 18.05.16 08:04]  49963 +0 +0 
[268: Wed 18.05.16 09:02]  49963 +0 +0 
[269: Wed 18.05.16 10:06]  49963 +0 +0 
[270: Wed 18.05.16 11:03]  49963 +0 +0 
[271: Wed 18.05.16 12:06]  49963 +0 +0 
[272: Wed 18.05.16 13:03]  49963 +0 +0 
[273: Wed 18.05.16 14:03]  49963 +0 +0 
[274: Wed 18.05.16 15:04]  49963 +0 +0 
[275: Wed 18.05.16 16:06]  49963 +0 +0 
[276: Wed 18.05.16 17:02]  49963 +0 +0 
[277: Wed 18.05.16 18:05]  49963 +0 +0 
[278: Wed 18.05.16 19:02]  49963 +0 +0 
[279: Wed 18.05.16 20:05]  49963 +0 +0 
[280: Wed 18.05.16 21:01]  49963 +0 +0 
[281: Wed 18.05.16 22:03]  49963 +0 +0 
[282: Wed 18.05.16 23:04]  49963 +0 +0 
[283: Thu 19.05.16 00:02]  49963 +0 +0 
[284: Thu 19.05.16 01:04]  49963 +0 +0 
[285: Thu 19.05.16 02:02]  49963 +0 +0 
[286: Thu 19.05.16 03:05]  49963 +0 +0 
[287: Thu 19.05.16 04:05]  49963 +0 +0 
[288: Thu 19.05.16 05:05]  49963 +0 +0 
[289: Thu 19.05.16 06:03]  49963 +0 +0 
[290: Thu 19.05.16 07:05]  49963 +0 +0 
[291: Thu 19.05.16 08:04]  49963 +0 +0 
[292: Thu 19.05.16 09:01]  49963 +0 +0 
[293: Thu 19.05.16 10:06]  49963 +0 +0 
[294: Thu 19.05.16 11:02]  49963 +0 +0 
[295: Thu 19.05.16 12:06]  49963 +0 +0 
[296: Thu 19.05.16 13:03]  49963 +0 +0 
[297: Thu 19.05.16 14:01]  49963 +0 +0 
[298: Thu 19.05.16 15:06]  49963 +0 +0 
[299: Thu 19.05.16 16:05]  49963 +0 +0 .
[300: Thu 19.05.16 17:02]  49963 +0 +0 
[301: Thu 19.05.16 18:06]  49963 +0 +0 
[302: Thu 19.05.16 19:03]  49963 +0 +0 
[303: Thu 19.05.16 20:05]  49963 +0 +0 
[304: Thu 19.05.16 21:06]  49963 +0 +0 
[305: Thu 19.05.16 22:04]  49963 +0 +0 
[306: Thu 19.05.16 23:01]  49963 +0 +0 
[307: Fri 20.05.16 00:04]  49963 +0 +0 
[308: Fri 20.05.16 01:02]  49963 +0 +0 
[309: Fri 20.05.16 02:01]  49963 +0 +0 
[310: Fri 20.05.16 03:04]  49963 +0 +0 
[311: Fri 20.05.16 04:04]  49963 +0 +0 
[312: Fri 20.05.16 05:06]  49963 +0 +0 
[313: Fri 20.05.16 06:02]  49963 +0 +0 
[314: Fri 20.05.16 07:05]  49963 +0 +0 
[315: Fri 20.05.16 08:05]  49963 +0 +0 
[316: Fri 20.05.16 09:06]  49963 +0 +0 
[317: Fri 20.05.16 10:04]  49963 +0 +0 
[318: Fri 20.05.16 11:01]  49963 +0 +0 
[319: Fri 20.05.16 12:01]  49963 +0 +0 
[320: Fri 20.05.16 13:02]  49963 +0 +0 
[321: Fri 20.05.16 14:01]  49963 +0 +0 
[322: Fri 20.05.16 15:03]  49963 +0 +0 
[323: Fri 20.05.16 16:03]  49963 +0 +0 
[324: Fri 20.05.16 17:02]  49963 +0 +0 
[325: Fri 20.05.16 18:02]  49963 +0 +0 
[326: Fri 20.05.16 19:06]  49963 +0 +0 
[327: Sun 22.05.16 23:03]  49963 +0 +0 
[328: Mon 23.05.16 00:05]  49963 +0 +0 
[329: Mon 23.05.16 01:04]  49963 +0 +0 
[330: Mon 23.05.16 02:03]  49963 +0 +0 
[331: Mon 23.05.16 03:04]  49963 +0 +0 
[332: Mon 23.05.16 04:05]  49963 +0 +0 
[333: Mon 23.05.16 05:03]  49963 +0 +0 
[334: Mon 23.05.16 06:01]  49963 +0 +0 
[335: Mon 23.05.16 07:06]  49963 +0 +0 
[336: Mon 23.05.16 08:02]  49963 +0 +0 
[337: Mon 23.05.16 09:03]  49963 +0 +0 
[338: Mon 23.05.16 10:03]  49963 +0 +0 
[339: Mon 23.05.16 11:02]  49963 +0 +0 
[340: Mon 23.05.16 12:05]  49963 +0 +0 
[341: Mon 23.05.16 13:01]  49963 +0 +0 
[342: Mon 23.05.16 14:01]  49963 +0 +0 
[343: Mon 23.05.16 15:06]  49963 +0 +0 
[344: Mon 23.05.16 16:02]  49963 +0 +0 
[345: Mon 23.05.16 17:06]  49963 +0 +0 
[346: Mon 23.05.16 18:03]  49963 +0 +0 
[347: Mon 23.05.16 19:02]  49963 +0 +0 
[348: Mon 23.05.16 20:04]  49963 +0 +0 
[349: Mon 23.05.16 21:06]  49963 +0 +0 
[350: Mon 23.05.16 22:06]  49963 +0 +0 
[351: Mon 23.05.16 23:03]  49963 +0 +0 
[352: Tue 24.05.16 00:04]  49963 +0 +0 
[353: Tue 24.05.16 01:01]  49963 +0 +0 
[354: Tue 24.05.16 02:06]  49963 +0 +0 
[355: Tue 24.05.16 03:02]  49963 +0 +0 
[356: Tue 24.05.16 04:02]  49963 +0 +0 
[357: Tue 24.05.16 05:06]  49963 +0 +0 
[358: Tue 24.05.16 06:03]  49963 +0 +0 
[359: Tue 24.05.16 07:02]  49963 +0 +0 
[360: Tue 24.05.16 08:01]  49963 +0 +0 
[361: Tue 24.05.16 09:04]  49963 +0 +0 
[362: Tue 24.05.16 10:02]  49963 +0 +0 
[363: Tue 24.05.16 11:03]  49963 +0 +0 
[364: Tue 24.05.16 12:01]  49963 +0 +0 
[365: Tue 24.05.16 13:06]  49963 +0 +0 
[366: Tue 24.05.16 14:02]  49963 +0 +0 
[367: Tue 24.05.16 15:04]  49963 +0 +0 
[368: Tue 24.05.16 16:04]  49963 +0 +0 
[369: Tue 24.05.16 17:06]  49963 +0 +0 
[370: Tue 24.05.16 18:01]  49963 +0 +0 
[371: Tue 24.05.16 19:01]  49963 +0 +0 
[372: Tue 24.05.16 20:06]  49963 +0 +0 
[373: Tue 24.05.16 21:01]  49963 +0 +0 
[374: Tue 24.05.16 22:06]  49963 +0 +0 
[375: Tue 24.05.16 23:02]  49963 +0 +0 
[376: Wed 25.05.16 00:04]  49963 +0 +0 
[377: Wed 25.05.16 01:03]  49963 +0 +0 
[378: Wed 25.05.16 02:04]  49963 +0 +0 
[379: Wed 25.05.16 03:01]  49963 +0 +0 
[380: Wed 25.05.16 04:02]  49963 +0 +0 
[381: Wed 25.05.16 05:01]  49963 +0 +0 
[382: Wed 25.05.16 06:05]  49963 +0 +0 
[383: Wed 25.05.16 07:06]  49963 +0 +0 
[384: Wed 25.05.16 08:01]  49963 +0 +0 
[385: Wed 25.05.16 09:05]  49963 +0 +0 
[386: Wed 25.05.16 10:04]  49963 +0 +0 
[387: Wed 25.05.16 11:03]  49963 +0 +0 
[388: Wed 25.05.16 12:06]  49963 +0 +0 
[389: Wed 25.05.16 13:05]  49963 +0 +0 
[390: Wed 25.05.16 14:01]  49963 +0 +0 
[391: Wed 25.05.16 15:03]  49963 +0 +0 
[392: Wed 25.05.16 16:01]  49963 +0 +0 
[393: Wed 25.05.16 17:05]  49963 +0 +0 
[394: Wed 25.05.16 18:01]  49963 +0 +0 
[395: Wed 25.05.16 19:06]  49963 +0 +0 
[396: Wed 25.05.16 20:01]  49963 +0 +0 
[397: Wed 25.05.16 21:01]  49963 +0 +0 
[398: Wed 25.05.16 22:02]  49963 +0 +0 
[399: Wed 25.05.16 23:01]  49963 +0 +0 .
[400: Thu 26.05.16 00:01]  49963 +0 +0 
[401: Thu 26.05.16 01:03]  49963 +0 +0 
[402: Thu 26.05.16 02:02]  49963 +0 +0 
[403: Thu 26.05.16 03:01]  49963 +0 +0 
[404: Thu 26.05.16 04:01]  49963 +0 +0 
[405: Thu 26.05.16 05:03]  49963 +0 +0 
[406: Thu 26.05.16 06:04]  49963 +0 +0 
[407: Thu 26.05.16 07:04]  49963 +0 +0 
[408: Thu 26.05.16 08:01]  49963 +0 +0 
[409: Thu 26.05.16 09:06]  49963 +0 +0 
[410: Thu 26.05.16 10:01]  49963 +0 +0 
[411: Thu 26.05.16 11:01]  49963 +0 +0 
[412: Thu 26.05.16 12:04]  49963 +0 +0 
[413: Thu 26.05.16 13:02]  49963 +0 +0 
[414: Thu 26.05.16 14:02]  49963 +0 +0 
[415: Thu 26.05.16 15:02]  49963 +0 +0 
[416: Thu 26.05.16 16:06]  49963 +0 +0 
[417: Thu 26.05.16 17:05]  49963 +0 +0 
[418: Thu 26.05.16 18:04]  49963 +0 +0 
[419: Thu 26.05.16 19:02]  49963 +0 +0 
[420: Thu 26.05.16 20:02]  49963 +0 +0 
[421: Thu 26.05.16 21:05]  49963 +0 +0 
[422: Thu 26.05.16 22:06]  49963 +0 +0 
[423: Thu 26.05.16 23:03]  49963 +0 +0 
[424: Fri 27.05.16 00:05]  49963 +0 +0 
[425: Fri 27.05.16 01:02]  49963 +0 +0 
[426: Fri 27.05.16 02:03]  49963 +0 +0 
[427: Fri 27.05.16 03:02]  49963 +0 +0 
[428: Fri 27.05.16 04:05]  49963 +0 +0 
[429: Fri 27.05.16 05:01]  49963 +0 +0 
[430: Fri 27.05.16 06:05]  49963 +0 +0 
[431: Fri 27.05.16 07:06]  49963 +0 +0 
[432: Fri 27.05.16 08:03]  49963 +0 +0 
[433: Fri 27.05.16 09:05]  49963 +0 +0 
[434: Fri 27.05.16 10:02]  49963 +0 +0 
[435: Fri 27.05.16 11:06]  49963 +0 +0 
[436: Fri 27.05.16 12:05]  49963 +0 +0 
[437: Fri 27.05.16 13:05]  49963 +0 +0 
[438: Fri 27.05.16 14:01]  49963 +0 +0 
[439: Fri 27.05.16 15:05]  49963 +0 +0 
[440: Fri 27.05.16 16:06]  49963 +0 +0 
[441: Fri 27.05.16 17:04]  49963 +0 +0 
[442: Fri 27.05.16 18:04]  49963 +0 +0 
[443: Fri 27.05.16 19:01]  49963 +0 +0 
[444: Sun 29.05.16 23:03]  49963 +0 +0 
[445: Mon 30.05.16 00:04]  49963 +0 +0 
[446: Mon 30.05.16 01:02]  49963 +0 +0 
[447: Mon 30.05.16 02:06]  49963 +0 +0 
[448: Mon 30.05.16 03:01]  49963 +0 +0 
[449: Mon 30.05.16 04:01]  49963 +0 +0 
[450: Mon 30.05.16 05:04]  49963 +0 +0 
[451: Mon 30.05.16 06:06]  49963 +0 +0 
[452: Mon 30.05.16 07:05]  49963 +0 +0 
[453: Mon 30.05.16 08:01]  49963 +0 +0 
[454: Mon 30.05.16 09:04]  49963 +0 +0 
[455: Mon 30.05.16 10:06]  49963 +0 +0 
[456: Mon 30.05.16 11:03]  49963 +0 +0 
[457: Mon 30.05.16 12:03]  49963 +0 +0 
[458: Mon 30.05.16 13:05]  49963 +0 +0 
[459: Mon 30.05.16 14:01]  49963 +0 +0 
[460: Mon 30.05.16 15:02]  49963 +0 +0 
[461: Mon 30.05.16 16:03]  49963 +0 +0 
[462: Mon 30.05.16 17:03]  49963 +0 +0 
[463: Mon 30.05.16 18:02]  49963 +0 +0 
[464: Mon 30.05.16 19:06]  49963 +0 +0 
[465: Mon 30.05.16 20:03]  49963 +0 +0 
[466: Mon 30.05.16 21:03]  49963 +0 +0 
[467: Mon 30.05.16 22:05]  49963 +0 +0 
[468: Mon 30.05.16 23:04]  49963 +0 +0 
[469: Tue 31.05.16 00:05]  49963 +0 +0 
[470: Tue 31.05.16 01:05]  49963 +0 +0 
[471: Tue 31.05.16 02:06]  49963 +0 +0 
[472: Tue 31.05.16 03:01]  49963 +0 +0 
[473: Tue 31.05.16 04:04]  49963 +0 +0 
[474: Tue 31.05.16 05:01]  49963 +0 +0 
[475: Tue 31.05.16 06:04]  49963 +0 +0 
[476: Tue 31.05.16 07:02]  49963 +0 +0 
[477: Tue 31.05.16 08:01]  49963 +0 +0 
[478: Tue 31.05.16 09:04]  49963 +0 +0 
[479: Tue 31.05.16 10:01]  49963 +0 +0 
[480: Tue 31.05.16 11:04]  49963 +0 +0 
[481: Tue 31.05.16 12:04]  49963 +0 +0 
[482: Tue 31.05.16 13:05]  49963 +0 +0 
[483: Tue 31.05.16 14:01]  49963 +0 +0 
[484: Tue 31.05.16 15:06]  49963 +0 +0 
[485: Tue 31.05.16 16:04]  49963 +0 +0 
[486: Tue 31.05.16 17:05]  49963 +0 +0 
[487: Tue 31.05.16 18:06]  49963 +0 +0 
[488: Tue 31.05.16 19:03]  49963 +0 +0 
[489: Tue 31.05.16 20:06]  49963 +0 +0 
[490: Tue 31.05.16 21:04]  49963 +0 +0 
[491: Tue 31.05.16 22:04]  49963 +0 +0 
[492: Tue 31.05.16 23:05]  49963 +0 +0 
[493: Wed 01.06.16 00:06]  49963 +0 +0 
[494: Wed 01.06.16 01:02]  49963 +0 +0 
[495: Wed 01.06.16 02:06]  49963 +0 +0 
[496: Wed 01.06.16 03:05]  49963 +0 +0 
[497: Wed 01.06.16 04:03]  49963 +0 +0 
[498: Wed 01.06.16 05:05]  49963 +0 +0 
[499: Wed 01.06.16 06:01]  49963 +0 +0 .
[500: Wed 01.06.16 07:03]  49963 +0 +0 
[501: Wed 01.06.16 08:04]  49963 +0 +0 
[502: Wed 01.06.16 09:04]  49963 +0 +0 
[503: Wed 01.06.16 10:01]  49963 +0 +0 
[504: Wed 01.06.16 11:01]  49963 +0 +0 
[505: Wed 01.06.16 12:01]  49963 +0 +0 
[506: Wed 01.06.16 13:04]  49963 +0 +0 
[507: Wed 01.06.16 14:06]  49963 +0 +0 
[508: Wed 01.06.16 15:06]  49963 +0 +0 
[509: Wed 01.06.16 16:02]  49963 +0 +0 
[510: Wed 01.06.16 17:06]  49963 +0 +0 
[511: Wed 01.06.16 18:01]  49963 +0 +0 
[512: Wed 01.06.16 19:06]  49963 +0 +0 
[513: Wed 01.06.16 20:03]  49963 +0 +0 
[514: Wed 01.06.16 21:04]  49963 +0 +0 
[515: Wed 01.06.16 22:04]  49963 +0 +0 
[516: Wed 01.06.16 23:02]  49963 +0 +0 
[517: Thu 02.06.16 00:04]  49963 +0 +0 
[518: Thu 02.06.16 01:04]  49963 +0 +0 
[519: Thu 02.06.16 02:04]  49963 +0 +0 
[520: Thu 02.06.16 03:02]  49963 +0 +0 
[521: Thu 02.06.16 04:03]  49963 +0 +0 
[522: Thu 02.06.16 05:05]  49963 +0 +0 
[523: Thu 02.06.16 06:01]  49963 +0 +0 
[524: Thu 02.06.16 07:05]  49963 +0 +0 
[525: Thu 02.06.16 08:05]  49963 +0 +0 
[526: Thu 02.06.16 09:05]  49963 +0 +0 
[527: Thu 02.06.16 10:03]  49963 +0 +0 
[528: Thu 02.06.16 11:03]  49963 +0 +0 
[529: Thu 02.06.16 12:03]  49963 +0 +0 
[530: Thu 02.06.16 13:01]  49963 +0 +0 
[531: Thu 02.06.16 14:06]  49963 +0 +0 
[532: Thu 02.06.16 15:02]  49963 +0 +0 
[533: Thu 02.06.16 16:02]  49963 +0 +0 
[534: Thu 02.06.16 17:05]  49963 +0 +0 
[535: Thu 02.06.16 18:05]  49963 +0 +0 
[536: Thu 02.06.16 19:05]  49963 +0 +0 
[537: Thu 02.06.16 20:04]  49963 +0 +0 
[538: Thu 02.06.16 21:01]  49963 +0 +0 
[539: Thu 02.06.16 22:01]  49963 +0 +0 
[540: Thu 02.06.16 23:06]  49963 +0 +0 
[541: Fri 03.06.16 00:01]  49963 +0 +0 
[542: Fri 03.06.16 01:05]  49963 +0 +0 
[543: Fri 03.06.16 02:03]  49963 +0 +0 
[544: Fri 03.06.16 03:03]  49963 +0 +0 
[545: Fri 03.06.16 04:03]  49963 +0 +0 
[546: Fri 03.06.16 05:02]  49963 +0 +0 
[547: Fri 03.06.16 06:04]  49963 +0 +0 
[548: Fri 03.06.16 07:05]  49963 +0 +0 
[549: Fri 03.06.16 08:06]  49963 +0 +0 
[550: Fri 03.06.16 09:01]  49963 +0 +0 
[551: Fri 03.06.16 10:03]  49963 +0 +0 
[552: Fri 03.06.16 11:03]  49963 +0 +0 
[553: Fri 03.06.16 12:06]  49963 +0 +0 
[554: Fri 03.06.16 13:01]  49963 +0 +0 
[555: Fri 03.06.16 14:04]  49963 +0 +0 
[556: Fri 03.06.16 15:05]  49963 +0 +0 
[557: Fri 03.06.16 16:03]  49963 +0 +0 
[558: Fri 03.06.16 17:02]  49963 +0 +0 
[559: Fri 03.06.16 18:04]  49963 +0 +0 
[560: Fri 03.06.16 19:02]  49963 +0 +0 
[561: Sun 05.06.16 23:01]  49963 +0 +0 
[562: Mon 06.06.16 00:05]  49963 +0 +0 
[563: Mon 06.06.16 01:06]  49963 +0 +0 
[564: Mon 06.06.16 02:06]  49963 +0 +0 
[565: Mon 06.06.16 03:02]  49963 +0 +0 
[566: Mon 06.06.16 04:04]  49963 +0 +0 
[567: Mon 06.06.16 05:03]  49963 +0 +0 
[568: Mon 06.06.16 06:04]  49963 +0 +0 
[569: Mon 06.06.16 07:01]  49963 +0 +0 
[570: Mon 06.06.16 08:04]  49963 +0 +0 
[571: Mon 06.06.16 09:01]  49963 +0 +0 
[572: Mon 06.06.16 10:02]  49963 +0 +0 
[573: Mon 06.06.16 11:06]  49963 +0 +0 

Logout.. ok